<?xml version="1.0" encoding="UTF-8"?>
<!-- Generated by org.testng.reporters.JUnitReportReporter -->
<testsuite hostname="Manpreets-MacBook-Pro.local" failures="0" tests="2" name="practicemaven.Testng.PractiseTestNG" time="0.005" errors="0" timestamp="07 Jun 2019 21:22:54 GMT" skipped="0">
  <testcase classname="practicemaven.Testng.PractiseTestNG" name="testMethod1" time="0.004"/>
  <testcase classname="practicemaven.Testng.PractiseTestNG" name="testMethod2" time="0.001"/>
</testsuite> <!-- practicemaven.Testng.PractiseTestNG -->
