<?xml version="1.0" encoding="UTF-8"?>
<!-- Generated by org.testng.reporters.JUnitReportReporter -->
<testsuite hostname="Manpreets-MacBook-Pro.local" failures="0" tests="2" name="extentReport.ExtentReport" time="0.010" errors="0" timestamp="10 Jun 2019 21:45:09 GMT" skipped="0">
  <testcase classname="extentReport.ExtentReport" name="test2" time="0.002"/>
  <testcase classname="extentReport.ExtentReport" name="test1" time="0.008"/>
</testsuite> <!-- extentReport.ExtentReport -->
