<?xml version="1.0" encoding="UTF-8"?>
<!-- Generated by org.testng.reporters.JUnitReportReporter -->
<testsuite hostname="Manpreets-MacBook-Pro.local" failures="0" tests="1" name="logging.LoggerTest" time="0.008" errors="0" timestamp="10 Jun 2019 21:26:10 GMT" skipped="0">
  <testcase classname="logging.LoggerTest" name="testLogger" time="0.008"/>
</testsuite> <!-- logging.LoggerTest -->
